<?xml version="1.0" encoding="UTF-8"?>
<!-- Generated by org.testng.reporters.JUnitReportReporter -->
<testsuite hostname="DESKTOP-46AQCBJ" failures="0" tests="1" name="org.amazon.AmazonTest" time="23.586" errors="0" timestamp="2024-07-18T16:47:01 IST" skipped="0">
  <testcase classname="org.amazon.AmazonTest" name="messangerlinktest38" time="23.586"/>
  <system-out/>
</testsuite> <!-- org.amazon.AmazonTest -->
