<?xml version="1.0" encoding="UTF-8"?>
<!-- Generated by org.testng.reporters.JUnitReportReporter -->
<testsuite hostname="DESKTOP-46AQCBJ" failures="0" tests="1" name="org.testNG.DataProvider" time="67.769" errors="0" timestamp="2024-07-14T16:42:33 IST" skipped="0">
  <testcase classname="org.testNG.DataProvider" name="test1" time="67.769"/>
  <system-out/>
</testsuite> <!-- org.testNG.DataProvider -->
