<?xml version="1.0" encoding="UTF-8"?>
<!-- Generated by org.testng.reporters.JUnitReportReporter -->
<testsuite hostname="DESKTOP-46AQCBJ" failures="0" tests="4" name="org.testNG.DataProvder" time="186.734" errors="0" timestamp="2024-07-14T19:35:07 IST" skipped="0">
  <testcase classname="org.testNG.DataProvder" name="test2" time="38.752"/>
  <system-out/>
  <testcase classname="org.testNG.DataProvder" name="test2" time="42.456"/>
  <system-out/>
  <testcase classname="org.testNG.DataProvder" name="test2" time="53.910"/>
  <system-out/>
  <testcase classname="org.testNG.DataProvder" name="test2" time="51.616"/>
  <system-out/>
</testsuite> <!-- org.testNG.DataProvder -->
