<?xml version="1.0" encoding="UTF-8"?>
<!-- Generated by org.testng.reporters.JUnitReportReporter -->
<testsuite hostname="DESKTOP-46AQCBJ" failures="0" tests="2" name="org.testNG.Suite2" time="44.081" errors="0" timestamp="2024-07-13T14:33:40 IST" skipped="0">
  <testcase classname="org.testNG.Suite2" name="Aaaf" time="26.209"/>
  <system-out/>
  <testcase classname="org.testNG.Suite2" name="test4" time="17.872"/>
  <system-out/>
</testsuite> <!-- org.testNG.Suite2 -->
