<?xml version="1.0" encoding="UTF-8"?>
<!-- Generated by org.testng.reporters.JUnitReportReporter -->
<testsuite hostname="DESKTOP-46AQCBJ" failures="0" tests="2" name="org.testNG.Testanotations" time="22.640" errors="0" timestamp="2024-07-16T12:31:48 IST" skipped="0">
  <testcase classname="org.testNG.Testanotations" name="test4" time="6.279"/>
  <system-out/>
  <testcase classname="org.testNG.Testanotations" name="Aaaf" time="16.361"/>
  <system-out/>
</testsuite> <!-- org.testNG.Testanotations -->
