<?xml version="1.0" encoding="UTF-8"?>
<!-- Generated by org.testng.reporters.JUnitReportReporter -->
<testsuite hostname="DESKTOP-46AQCBJ" failures="0" tests="4" name="org.testNG.Invocation" time="57.117" errors="0" timestamp="2024-07-14T14:55:00 IST" skipped="0">
  <testcase classname="org.testNG.Invocation" name="test9" time="17.328"/>
  <system-out/>
  <testcase classname="org.testNG.Invocation" name="test7" time="8.576"/>
  <system-out/>
  <testcase classname="org.testNG.Invocation" name="test8" time="15.308"/>
  <system-out/>
  <testcase classname="org.testNG.Invocation" name="test10" time="15.905"/>
  <system-out/>
</testsuite> <!-- org.testNG.Invocation -->
