<?xml version="1.0" encoding="UTF-8"?>
<!-- Generated by org.testng.reporters.JUnitReportReporter -->
<testsuite hostname="DESKTOP-46AQCBJ" failures="0" tests="3" name="org.selenium.Testing1" time="0.023" errors="0" timestamp="2024-07-10T12:40:48 IST" skipped="0">
  <testcase classname="org.selenium.Testing1" name="rayan" time="0.003"/>
  <system-out/>
  <testcase classname="org.selenium.Testing1" name="mains" time="0.003"/>
  <system-out/>
  <testcase classname="org.selenium.Testing1" name="jinna" time="0.017"/>
  <system-out/>
</testsuite> <!-- org.selenium.Testing1 -->
